Agarita_Seed.png
Alaskan_Ginseng_Seed.png
aligatormeat.png
aligators.png
aligatorto.png
alvara.png
American_Ginseng_Seed.png
ammobolainterwired.png
ammobolla.png
ammoelephant.png
ammohatchet.png
ammohatchetcleaver.png
ammohatchethunter.png
ammopistolexplosive.png
ammopistolexpress.png
ammopistolnormal.png
ammopistolsplitpoint.png
ammopistolvelocity.png
ammorepeaterexplosive.png
ammorepeaterexpress.png
ammorepeaternormal.png
ammorepeatersplitpoint.png
ammorepeatervelocity.png
ammorevolverexplosive.png
ammorevolvernormal.png
ammorevolversplitpoint.png
ammorevolvervelocity.png
ammorifleexplosive.png
ammorifleexpress.png
ammoriflenormal.png
ammoriflesplitpoint.png
ammoriflevelocity.png
ammoshotgunexplosive.png
ammoshotgunincendiary.png
ammoshotgunnormal.png
ammoshotgunslug.png
ammovarmint.png
ammovarminttranq.png
ammo_repeater_express_explosive.png
ammo_rifle_express_explosive.png
ammo_sniper.png
ammo_sniper_express.png
ammo_sniper_express_explosive.png
ammo_sniper_high_velocity.png
ammo_sniper_split_point.png
antipoison.png
antipoison2.png
applebarrel.png
applebasket.png
apple_barrel.png
apple_basket.png
Apple_Seed.png
armadilloc.png
armadillos.png
asnakes.png
a_c_fishlargemouthbass_01_sm.png
a_c_fishlongnosegar_01_ms.png
a_c_fishlongnosegar_01_sm.png
a_c_fishmuskie_01_ms.png
a_c_fishmuskie_01_sm.png
a_c_fishperch_01_lg.png
a_c_fishsmallmouthbass_01_sm.png
a_c_fishsnapperpainturtle_01_lg.png
a_c_fishsnapperpainturtle_01_ms.png
a_c_fishsnapperpainturtle_01_sm.png
a_c_fishsturgeon_01_lg.png
a_c_fishsturgeon_01_ms.png
a_c_fishsturgeon_01_sm.png
a_c_fishtroutbrook_01_ms.png
a_c_fishtroutbrook_01_sm.png
a_c_fishtroutbrown_01_ms.png
a_c_fishtroutbrown_01_sm.png
a_c_fishtroutcutthroat_01_ms.png
a_c_fishtroutcutthroat_01_sm.png
a_c_fishtroutlake_01_ms.png
a_c_fishtroutlake_01_sm.png
a_c_fishtroutspeckled_01_ms.png
a_c_fishtroutspeckled_01_sm.png
a_c_fishturtlegopher_01_lg.png
a_c_fishturtlegopher_01_ms.png
a_c_fishturtlegopher_01_sm.png
a_c_fishturtlesnapping_01_lg.png
a_c_fishturtlesnapping_01_ms.png
a_c_fishturtlesnapping_01_sm.png
bacon.png
badgers.png
barrel.png
bat_c.png
bbears.png
bbirdb.png
bbirdf.png
bcandle.png
bearbench.png
bearc.png
beart.png
beartrap.png
bear_bench.png
beavertail.png
beawers.png
beef.png
beerbox.png
bigchest.png
biscuitbox.png
bisonhorn.png
bisons.png
blanketbox.png
blanket_box.png
bluejay_c.png
bmdresser.png
boarmusk.png
boars.png
boaskin.png
bolts.png
boobyb.png
boobyf.png
bouquet.png
bparrotb.png
bparrotf.png
brokenpearlnecklace.png
buckantler.png
bucket_milk.png
bucks.png
bullhorn.png
bulls.png
bunkbed.png
butchertable1.png
butchertable2.png
butchertable3.png
bwdresser.png
camera.png
candlea.png
cane.png
cardinal_c.png
cedarwaxwing_c.png
Chanterelles_Seed.png
cheesecake.png
chestc.png
chewingtobacco.png
chickenf.png
chickenheart.png
chifrebisao.png
chifrebode.png
chipmunk_c.png
chococake.png
cigarettefilter.png
cinematicket.png
cleanser.png
cloth.png
clothbench.png
clothe1.png
clothe10.png
clothe11.png
clothe12.png
clothe13.png
clothe14.png
clothe15.png
clothe16.png
clothe17.png
clothe18.png
clothe19.png
clothe2.png
clothe20.png
clothe3.png
clothe4.png
clothe5.png
clothe6.png
clothe7.png
clothe8.png
clothe9.png
clothesline.png
clothes_line.png
cloth_bench.png
coats_closed.png
cockc.png
cockf.png
cocoa.png
cocoaseeds.png
coffeebeans.png
coffeefilter.png
coffindecor.png
collector_fossil_bivalve.png
collector_fossil_brachiopod.png
collector_fossil_brow_horn.png
collector_fossil_cephalopod.png
collector_fossil_coral.png
collector_fossil_neo.png
collector_fossil_pet_wood.png
collector_fossil_pet_wood_rainbow.png
collector_fossil_pet_wood_yellow_cat.png
collector_fossil_sea_lily.png
collector_fossil_sea_scorpion.png
collector_fossil_stone.png
collector_fossil_tail_spike.png
collector_fossil_toe_claw.png
collector_fossil_tooth_mega.png
collector_fossil_tooth_serrated.png
collector_fossil_tooth_trex.png
collector_fossil_trilobite_crypto.png
collector_fossil_trilobite_iso.png
collector_fossil_tully_monster.png
condenser.png
condorb.png
condorf.png
consumable_blueberrypie.png
consumable_breakfast.png
consumable_chickenpie.png
consumable_chocolatecake.png
consumable_chocolatecoffee.png
consumable_coffeecake.png
consumable_crumbcake.png
consumable_cupcake.png
consumable_donut.png
consumable_fruitsalad.png
consumable_grapejelly.png
consumable_herb_wintergreen_berry.png
consumable_horsepeppermints.png
consumable_kidneybeans_can.png
consumable_lemoncake.png
consumable_lemondrops.png
consumable_meat_greavy.png
consumable_peachcobbler.png
consumable_peachjelly.png
consumable_pear.png
consumable_peppermint.png
consumable_poundcake.png
consumable_pretzel.png
consumable_raspberryjelly.png
consumable_raspberrywater.png
consumable_salmon_can.png
consumable_spongecake.png
consumable_steakpie.png
consumable_veggies.png
cougarf.png
cougars.png
cougartaxi.png
cougar_taxidermy.png
cowh.png
cows.png
coyotef.png
coyotepelt.png
coyotes.png
coyotetaxi.png
coyote_pelt.png
coyote_taxidermy.png
crabbutter.png
crablegs.png
crab_c.png
craftingfire.png
crafting_fire.png
crawfish_c.png
crow_c.png
cure.png
darub.png
daruf.png
dbcandle.png
decortent1.png
decortent2.png
decortent3.png
deerheart.png
deerpelt.png
deerskin.png
deertaxi.png
deer_pelt.png
deer_taxidermy.png
dleguans.png
dreamcatcher.png
duckfat.png
eaglef.png
eaglet.png
egg.png
egretb.png
egretf.png
elkantler.png
elks.png
fancydouble.png
fertilizerbless.png
fertilizeregg.png
fertilizerpro.png
fertilizerpulpsap.png
fertilizersn.png
fertilizersq.png
fertilizersw.png
fertilizersyn.png
fertilizerwoj.png
fibers.png
fishchips.png
fishmeat.png
fish_gritty_cooked.png
fish_meat_cooked.png
flour.png
floursack.png
flowerboxes.png
foodbarrel.png
food_barrel.png
foxskin.png
foxt.png
friedtater.png
frogbull2_c.png
frogbull_c.png
fsnakes.png
gbarrelx.png
gbears.png
glasseye.png
gleguans.png
goathead.png
goats.png
gold_panning_license.png
gooseb.png
goosef.png
grainmill.png
grapes.png
grinder.png
guitar.png
gun_barrel.png
gypsywagon.png
handmixer.png
handsaw.png
hawkf.png
hawkt.png
healingitem.png
hemp_seed.png
heroin.png
herptile.png
hitchingpost.png
hoe.png
honey.png
hop.png
hop_seed.png
horsehitches.png
horsemeal.png
humbirdsage.png
hwood.png
iguanabits.png
ink.png
ironbar.png
ironextract.png
ironhammer.png
jewelry_bracelets.png
jewelry_rings_left.png
jewelry_rings_right.png
juice_balsamic.png
juice_winterberry.png
kbirdb.png
kbirdf.png
kitchencounter.png
lamppost1.png
lamppost2.png
lanterna.png
leatherchair.png
leather_chair.png
legalbook.png
legaligators.png
legaligators1.png
legaligators2.png
legaligators3.png
legalpaper.png
legbears1.png
legbears2.png
legbears3.png
legbears4.png
legbeavers1.png
legbeavers2.png
legbeavers3.png
legbeawers.png
legbisonhorn.png
legbisons.png
legbisons1.png
legbisons2.png
legbisons3.png
legbisonstak.png
legboars.png
legboars1.png
legboars2.png
legboars3.png
legboars4.png
legbucks.png
legbucks1.png
legbucks2.png
legbucks3.png
legbucks4.png
legcougars.png
legcougars1.png
legcougars2.png
legcougars3.png
legcougars4.png
legcoyotes.png
legcoyotes1.png
legcoyotes2.png
legcoyotes3.png
legelkantler.png
legelks.png
legelks1.png
legelks2.png
legelks3.png
legendbuckantler.png
legendsnakes.png
legfoxs2.png
legfoxs3.png
legfoxskin.png
leggbears.png
legmooseantler.png
legmooses.png
legmooses1.png
legmooses2.png
legmooses3.png
legpanthers1.png
legpanthers2.png
legpanthers3.png
legprongs.png
legramhorn.png
legrams.png
legrams1.png
legrams2.png
legrams3.png
legrams4.png
legwolfpelt.png
legwolfs1.png
legwolfs2.png
legwolfs3.png
lizardl.png
lizards.png
logbechs.png
logbench.png
log_bencha.png
log_benchb.png
loonb.png
loonf.png
loungechair.png
loungechair2.png
lumberaxe.png
marriagebook.png
marriagecertification.png
mashalaskan.png
mashamerican.png
mashapple.png
mashblackberry.png
mashblackberry90p.png
mashpeach.png
mashplum.png
mashraspberry.png
mashraspberry90p.png
mashstrong.png
masks_large.png
meat_big_game_cooked.png
meat_bird_cooked.png
meat_bird_tw.png
meat_game_bw.png
meat_game_cooked.png
meat_mature_cooked.png
meat_mutton_cooked.png
meat_small_sd.png
metal_gear.png
mexitillas.png
mexitillastaco.png
money_coinpurse.png
mooseantler.png
mooses.png
morpcert.png
mountainmen.png
muskrats.png
nails.png
nativebasket1.png
nativebasket2.png
nativedecor.png
nativepot.png
nativeskull.png
naturalwagon.png
needle.png
nightstand.png
normaltable.png
nozcoca.png
obed.png
ointment.png
opossumc.png
opossums.png
ore_bauxite.png
ore_coal.png
ore_copper.png
ore_diamond.png
ore_emerald.png
ore_gold.png
ore_iron.png
ore_nitre.png
ore_ruby.png
ore_silver.png
oriole2_c.png
oriole_c.png
owlf.png
owlt.png
oxhorn.png
oxs.png
panthere.png
panthers.png
paper.png
parasol.png
peachseeds.png
pearl.png
peasantb.png
peasantf.png
pecaris.png
pelicanb.png
pelicanf.png
pen.png
pena.png
pheasant_taxidermy.png
phestaxi.png
phonograph.png
pigeon_c.png
pigs.png
pipecopper.png
planttrimmer.png
pokerset.png
porkfat.png
portal.png
pot.png
pota.png
prairib.png
prairif.png
prisonclothes.png
pronghornh.png
prongs.png
provision_arrowhead_agate.png
provision_arrowhead_bone.png
provision_arrowhead_chipped.png
provision_arrowhead_crude.png
provision_arrowhead_feldspar.png
provision_arrowhead_granite.png
provision_arrowhead_obsidian.png
provision_arrowhead_quartz.png
provision_arrowhead_raw.png
provision_arrowhead_rough.png
provision_arrowhead_slate.png
provision_arrowhead_splintered.png
provision_asteroid_chunk.png
provision_bracelet_gold.png
provision_bracelet_platinum.png
provision_bracelet_silver.png
provision_bra_shield.png
provision_buckle_gold.png
provision_buckle_platinum.png
provision_buckle_silver.png
provision_calderon_cross.png
provision_capitale.png
provision_coin_1700_ny_tkn.png
provision_coin_1787_cent_tkn.png
provision_coin_1789_pny.png
provision_coin_1792_lib_qtr.png
provision_coin_1792_nickel.png
provision_coin_1792_qtr.png
provision_coin_1794_slv_dlr.png
provision_coin_1795_hlf_eag.png
provision_coin_1796_hlf_pny.png
provision_coin_1797_gld_eag.png
provision_coin_1798_slv_dlr.png
provision_coin_1800_five_dlr.png
provision_coin_1800_gld_dlr.png
provision_coin_1800_gld_qtr.png
provision_coin_1800_hlf_dime.png
provision_db_finger_bone.png
provision_diamond_ring.png
provision_disco_ammolite.png
provision_disco_ancient_eagle.png
provision_disco_ancient_necklace.png
provision_disco_fertility_statue.png
provision_disco_fluorite.png
provision_disco_shrunken_head.png
provision_disco_urn.png
provision_disco_viking_comb.png
provision_dog_tag.png
provision_earring_gold.png
provision_earring_pearl.png
provision_earring_platinum.png
provision_earring_silver.png
provision_generic_key.png
provision_hrlm_brush_boar.png
provision_hrlm_brush_ebony.png
provision_hrlm_brush_goathair.png
provision_hrlm_brush_horsehair.png
provision_hrlm_brush_rosewood.png
provision_hrlm_brush_rosewood_ng.png
provision_hrlm_comb_boxwood.png
provision_hrlm_comb_cherrywood.png
provision_hrlm_comb_ivory.png
provision_hrlm_comb_tortoiseshell.png
provision_hrlm_hairpin_ebony.png
provision_hrlm_hairpin_ivory.png
provision_hrlm_hairpin_jade.png
provision_hrlm_hairpin_metal.png
provision_hrlm_hairpin_wooden.png
provision_jewelry_amethyst_necklace.png
provision_jewelry_blck_pearl_necklace.png
provision_jewelry_box.png
provision_jewelry_carved_bracelet.png
provision_jewelry_coral_dngl_earring.png
provision_jewelry_coral_ring.png
provision_jewelry_dmnd_bngle_bracelet.png
provision_jewelry_dmnd_pendt_earring.png
provision_jewelry_elk_tooth_earring.png
provision_jewelry_emerald_earring.png
provision_jewelry_emerald_ring.png
provision_jewelry_french_dmnd_ring.png
provision_jewelry_gld_bngle_bracelet.png
provision_jewelry_gld_cross_necklace.png
provision_jewelry_gld_pearl_necklace.png
provision_jewelry_gld_pendt_necklace.png
provision_jewelry_grnet_bracelet.png
provision_jewelry_grnet_post_earring.png
provision_jewelry_moon_ring.png
provision_jewelry_mthr_pearl_necklace.png
provision_jewelry_onyx_ring.png
provision_jewelry_pearl_bracelet.png
provision_jewelry_pearl_earring.png
provision_jewelry_pearl_ring.png
provision_jewelry_pers_turq_ring.png
provision_jewelry_porcelain_necklace.png
provision_jewelry_qn_dmnd_earring.png
provision_jewelry_rudy_dngl_earring.png
provision_jewelry_slvr_pearl_necklace.png
provision_jewelry_sphr_bngle_bracelet.png
provision_jewelry_sphr_bracelet.png
provision_jewelry_topaz_necklace.png
provision_jewelry_topaz_ring.png
provision_jewelry_turquoise_bracelet.png
provision_jewelry_turquoise_ring.png
provision_jewelry_turq_stud_earring.png
provision_jewelry_whtgld_dmnd_ring.png
provision_jewelry_wht_dmnd_earring.png
provision_jewelry_ylwgld_dmnd_ring.png
provision_ring_platinum.png
provision_ro_flower_acunas_star.png
provision_ro_flower_cigar.png
provision_ro_flower_clamshell.png
provision_ro_flower_dragons.png
provision_ro_flower_ghost.png
provision_ro_flower_lady_of_night.png
provision_ro_flower_lady_slipper.png
provision_ro_flower_moccasin.png
provision_ro_flower_night_scented.png
provision_ro_flower_queens.png
provision_ro_flower_rat_tail.png
provision_ro_flower_sparrows.png
provision_ro_flower_spider.png
pulp.png
quailb.png
quailf.png
rabbitpaw.png
rabbits.png
raccoons.png
raccoont.png
rajahdysoljy.png
ramhorn.png
rams.png
raspberry.png
rat_c.png
ravenc.png
ravenf.png
raw_bacon.png
rectable.png
rectangle_table.png
repeaterbarrel.png
repeatermold.png
repeaterreceiver.png
repeaterrecmold.png
repeaterstock.png
revolverbarrel.png
revolvercylinder.png
revolverhandle.png
revolvermold.png
riflebarrel.png
riflemold.png
riflereceiver.png
riflerecmold.png
riflestock.png
roast_mature_meat.png
robberyplanning.png
robin_c.png
roundtable.png
round_table.png
rspoonb.png
rspoonf.png
rubber.png
rubbertube.png
salamelle.png
sandbag.png
sandpaper.png
sap.png
scale.png
scentg.png
seagullb.png
seagullf.png
sheephead.png
shellcasing.png
shootingtarget.png
shotgunbarrel.png
shotgunmold.png
shotgunstock.png
sidetable.png
sidetablea.png
sidetableb.png
side_table.png
side_tablea.png
side_tableb.png
singlebed.png
skullpost.png
smallchest.png
smallmcandle.png
Small_Leather.png
snaket.png
songbird2_c.png
songbird_c.png
sparrow0_c.png
sparrow1_c.png
sparrow2_c.png
spool.png
squirrel_black_c.png
squirrel_grey_c.png
squirrel_red_c.png
standingtorch.png
steak.png
steakveg.png
stew_crustacean.png
stew_game.png
stew_gila_leg.png
stew_panther_heart.png
stew_prime.png
stew_reptile.png
stillkit.png
stolenmerch.png
stonehammer.png
string.png
sugarcube.png
sulfur.png
teabag.png
tealeaf.png
tent2.png
tent3.png
tent4.png
timbertable.png
timber_table.png
tipi.png
toaddesert_c.png
toadpoison_c.png
toad_c.png
tonic_heal.png
tonic_strong.png
toolbarrel.png
tool_barrel.png
trayoffood.png
turkeyb.png
turkeyf.png
turtlet.png
tylenol.png
undertaker1.png
undertaker2.png
unique_brad_horsesugar.png
unique_horse_feed.png
varnish.png
vulturetaxi.png
vulture_taxidermy.png
washtub.png
waterbarrel.png
wateringcan_dirtywater.png
wateringcan_empty.png
waterpump.png
water_pump.png
wedding_chain_ring.png
wedding_ring.png
whiskeyapple.png
wicker.png
wickerbench.png
wicker_bench.png
wojape.png
wolfheart.png
wolfpelt.png
wolftooth.png
woodbench.png
woodchair.png
wooden_bench.png
woodpeck01_c.png
woodpeck02_c.png
woodsaw.png
wood_chair.png
wood_plane.png
wrench.png
wsnakes.png
wsnakeskin.png
acid.png
Agarita_Seed.png
Alaskan_Ginseng_Seed.png
aligatormeat.png
aligators.png
aligatorto.png
alvara.png
American_Ginseng_Seed.png
ammobolainterwired.png
ammobolla.png
ammoelephant.png
ammohatchet.png
ammohatchetcleaver.png
ammohatchethunter.png
ammopistolexplosive.png
ammopistolexpress.png
ammopistolnormal.png
ammopistolsplitpoint.png
ammopistolvelocity.png
ammorepeaterexplosive.png
ammorepeaterexpress.png
ammorepeaternormal.png
ammorepeatersplitpoint.png
ammorepeatervelocity.png
ammorevolverexplosive.png
ammorevolverexpress.png
ammorevolvernormal.png
ammorevolversplitpoint.png
ammorevolvervelocity.png
ammorifleexplosive.png
ammorifleexpress.png
ammoriflenormal.png
ammoriflesplitpoint.png
ammoriflevelocity.png
ammoshotgunexplosive.png
ammoshotgunincendiary.png
ammoshotgunnormal.png
ammoshotgunslug.png
ammovarmint.png
ammovarminttranq.png
ammo_repeater_express_explosive.png
ammo_rifle_express_explosive.png
ammo_sniper.png
ammo_sniper_express.png
ammo_sniper_express_explosive.png
ammo_sniper_high_velocity.png
ammo_sniper_split_point.png
antipoison.png
antipoison2.png
applebarrel.png
applebasket.png
apple_barrel.png
apple_basket.png
Apple_Seed.png
armadilloc.png
armadillos.png
asnakes.png
a_c_fishlargemouthbass_01_sm.png
a_c_fishlongnosegar_01_ms.png
a_c_fishlongnosegar_01_sm.png
a_c_fishmuskie_01_ms.png
a_c_fishmuskie_01_sm.png
a_c_fishperch_01_lg.png
a_c_fishsmallmouthbass_01_sm.png
a_c_fishsnapperpainturtle_01_lg.png
a_c_fishsnapperpainturtle_01_ms.png
a_c_fishsnapperpainturtle_01_sm.png
a_c_fishsturgeon_01_lg.png
a_c_fishsturgeon_01_ms.png
a_c_fishsturgeon_01_sm.png
a_c_fishtroutbrook_01_ms.png
a_c_fishtroutbrook_01_sm.png
a_c_fishtroutbrown_01_ms.png
a_c_fishtroutbrown_01_sm.png
a_c_fishtroutcutthroat_01_ms.png
a_c_fishtroutcutthroat_01_sm.png
a_c_fishtroutlake_01_ms.png
a_c_fishtroutlake_01_sm.png
a_c_fishtroutspeckled_01_ms.png
a_c_fishtroutspeckled_01_sm.png
a_c_fishturtlegopher_01_lg.png
a_c_fishturtlegopher_01_ms.png
a_c_fishturtlegopher_01_sm.png
a_c_fishturtlesnapping_01_lg.png
a_c_fishturtlesnapping_01_ms.png
a_c_fishturtlesnapping_01_sm.png
bacon.png
badgers.png
barrel.png
bat_c.png
bbears.png
bbirdb.png
bbirdf.png
bcandle.png
bearbench.png
bearc.png
beart.png
beartrap.png
bear_bench.png
beavertail.png
beawers.png
beef.png
beerbox.png
bigchest.png
biscuitbox.png
bisonhorn.png
bisons.png
blanketbox.png
blanket_box.png
bluejay_c.png
bmdresser.png
boarmusk.png
boars.png
boaskin.png
bolts.png
boobyb.png
boobyf.png
bouquet.png
bparrotb.png
bparrotf.png
brokenpearlnecklace.png
buckantler.png
bucket_milk.png
bucks.png
bullhorn.png
bulls.png
bunkbed.png
butchertable1.png
butchertable2.png
butchertable3.png
bwdresser.png
camera.png
candlea.png
cane.png
cardinal_c.png
cedarwaxwing_c.png
Chanterelles_Seed.png
char.png
cheesecake.png
chestc.png
chewingtobacco.png
chickenf.png
chickenheart.png
chifrebisao.png
chifrebode.png
chipmunk_c.png
chococake.png
Choc_Daisy_Seed.png
cigarettefilter.png
cinematicket.png
cleanser.png
cloth.png
clothbench.png
clothe1.png
clothe10.png
clothe11.png
clothe12.png
clothe13.png
clothe14.png
clothe15.png
clothe16.png
clothe17.png
clothe18.png
clothe19.png
clothe2.png
clothe20.png
clothe3.png
clothe4.png
clothe5.png
clothe6.png
clothe7.png
clothe8.png
clothe9.png
clothesline.png
clothes_line.png
cloth_bench.png
coats_closed.png
cockc.png
cockf.png
cocoa.png
cocoaseeds.png
coffeebeans.png
coffeefilter.png
coffindecor.png
collector_fossil_bivalve.png
collector_fossil_brachiopod.png
collector_fossil_brow_horn.png
collector_fossil_cephalopod.png
collector_fossil_coral.png
collector_fossil_neo.png
collector_fossil_pet_wood.png
collector_fossil_pet_wood_rainbow.png
collector_fossil_pet_wood_yellow_cat.png
collector_fossil_sea_lily.png
collector_fossil_sea_scorpion.png
collector_fossil_stone.png
collector_fossil_tail_spike.png
collector_fossil_toe_claw.png
collector_fossil_tooth_mega.png
collector_fossil_tooth_serrated.png
collector_fossil_tooth_trex.png
collector_fossil_trilobite_crypto.png
collector_fossil_trilobite_iso.png
collector_fossil_tully_monster.png
condenser.png
condorb.png
condorf.png
consumable_blueberrypie.png
consumable_breakfast.png
consumable_caramel.png
consumable_chickenpie.png
consumable_chocolatecake.png
consumable_chocolatecoffee.png
consumable_coffee.png
consumable_coffeecake.png
consumable_crumbcake.png
consumable_cupcake.png
consumable_donut.png
consumable_fruitsalad.png
consumable_game.png
consumable_grapejelly.png
consumable_herb_oregano.png
consumable_herb_wintergreen_berry.png
consumable_horsepeppermints.png
consumable_kidneybeans_can.png
consumable_lemoncake.png
consumable_lemondrops.png
consumable_lock_breaker.png
consumable_meat_greavy.png
consumable_medicine.png
consumable_peachcobbler.png
consumable_peachjelly.png
consumable_pear.png
consumable_peppermint.png
consumable_poundcake.png
consumable_pretzel.png
consumable_raspberryjelly.png
consumable_raspberrywater.png
consumable_salmon.png
consumable_salmon_can.png
consumable_spongecake.png
consumable_steakpie.png
consumable_trout.png
consumable_veggies.png
cookedbluegil.png
cougarf.png
cougars.png
cougartaxi.png
cougar_taxidermy.png
cowh.png
cows.png
coyotef.png
coyotepelt.png
coyotes.png
coyotetaxi.png
coyote_pelt.png
